[2015-03-20 16:15:09.105] [INFO] file - abc
[2015-03-20 16:22:24.346] [INFO] file - info
[2015-03-20 16:22:24.352] [DEBUG] file - debug
[2015-03-20 16:22:24.353] [TRACE] file - trace
[2015-03-20 16:22:24.353] [ERROR] file - error
[2015-03-20 16:25:53.159] [INFO] file - info
[2015-03-20 16:25:53.165] [DEBUG] file - debug
[2015-03-20 16:25:53.165] [TRACE] file - trace
[2015-03-20 16:25:53.166] [ERROR] file - error
[2015-03-20 16:27:42.548] [INFO] file - info
[2015-03-20 16:27:42.555] [DEBUG] file - debug
[2015-03-20 16:27:42.555] [TRACE] file - trace
[2015-03-20 16:27:42.556] [ERROR] file - error
[2015-03-20 16:28:46.477] [INFO] file - info
[2015-03-20 16:28:46.483] [DEBUG] file - debug
[2015-03-20 16:28:46.483] [TRACE] file - trace
[2015-03-20 16:28:46.484] [ERROR] file - error
[2015-03-20 16:29:00.372] [INFO] file - info
[2015-03-20 16:29:00.378] [DEBUG] file - debug
[2015-03-20 16:29:00.379] [TRACE] file - trace
[2015-03-20 16:29:00.380] [ERROR] file - error
[2015-03-20 16:30:23.156] [INFO] file - info
[2015-03-20 16:30:23.162] [DEBUG] file - debug
[2015-03-20 16:30:23.163] [TRACE] file - trace
[2015-03-20 16:30:23.163] [ERROR] file - error
[2015-03-20 16:31:43.747] [INFO] file - info
[2015-03-20 16:31:43.748] [DEBUG] file - debug
[2015-03-20 16:31:43.749] [TRACE] file - trace
[2015-03-20 16:31:43.750] [ERROR] file - error
[2015-03-20 16:32:09.191] [INFO] file - info
[2015-03-20 16:32:09.192] [DEBUG] file - debug
[2015-03-20 16:32:09.193] [TRACE] file - trace
[2015-03-20 16:32:09.194] [ERROR] file - error
[2015-03-20 16:33:04.463] [INFO] file - info
[2015-03-20 16:33:04.464] [DEBUG] file - debug
[2015-03-20 16:33:04.465] [TRACE] file - trace
[2015-03-20 16:33:04.466] [ERROR] file - error
[2015-03-20 16:33:32.316] [INFO] file - info
[2015-03-20 16:33:32.317] [DEBUG] file - debug
[2015-03-20 16:33:32.318] [TRACE] file - trace
[2015-03-20 16:33:32.318] [ERROR] file - error
[2015-03-20 16:34:06.743] [INFO] file - info
[2015-03-20 16:34:06.744] [DEBUG] file - debug
[2015-03-20 16:34:06.745] [TRACE] file - trace
[2015-03-20 16:34:06.746] [ERROR] file - error
[2015-03-20 16:34:19.557] [INFO] file - info
[2015-03-20 16:34:19.558] [DEBUG] file - debug
[2015-03-20 16:34:19.558] [TRACE] file - trace
[2015-03-20 16:34:19.559] [ERROR] file - error
[2015-03-20 16:45:23.681] [INFO] file - ENV dev
